<?xml version="1.0" encoding="UTF-8"?>
<testng-results ignored="0" total="1" passed="1" failed="0" skipped="0">
  <reporter-output>
  </reporter-output>
  <suite started-at="2023-01-26T21:16:03 IST" name="Default suite" finished-at="2023-01-26T21:16:10 IST" duration-ms="6922">
    <groups>
    </groups>
    <test started-at="2023-01-26T21:16:03 IST" name="Default test" finished-at="2023-01-26T21:16:10 IST" duration-ms="6922">
      <class name="testPakage.ActiTimeInValidLogin">
        <test-method is-config="true" signature="openBrowser()[pri:0, instance:testPakage.ActiTimeInValidLogin@79da8dc5]" started-at="2023-01-26T21:16:03 IST" name="openBrowser" finished-at="2023-01-26T21:16:06 IST" duration-ms="2570" status="PASS">
          <reporter-output>
          </reporter-output>
        </test-method> <!-- openBrowser -->
        <test-method signature="setUp()[pri:0, instance:testPakage.ActiTimeInValidLogin@79da8dc5]" started-at="2023-01-26T21:16:06 IST" name="setUp" finished-at="2023-01-26T21:16:10 IST" duration-ms="4300" status="PASS">
          <reporter-output>
          </reporter-output>
        </test-method> <!-- setUp -->
      </class> <!-- testPakage.ActiTimeInValidLogin -->
    </test> <!-- Default test -->
  </suite> <!-- Default suite -->
</testng-results>
